2023-07-14 11:03:14.557 [JavaFX Application Thread] INFO  presentation.model.TourItemModel - Item is added to the ListView of Tour
2023-07-14 11:03:14.611 [JavaFX Application Thread] INFO  presentation.model.TourItemModel - Item is added to the ListView of Tour
2023-07-14 11:03:14.797 [JavaFX Application Thread] INFO  presentation.model.TourItemModel - Item is added to the ListView of Tour
2023-07-14 11:03:14.805 [JavaFX Application Thread] INFO  presentation.model.TourItemModel - Item is added to the ListView of Tour
2023-07-14 11:03:14.812 [JavaFX Application Thread] INFO  presentation.model.TourItemModel - Item is added to the ListView of Tour
2023-07-14 11:03:14.822 [JavaFX Application Thread] INFO  presentation.model.TourItemModel - Item is added to the ListView of Tour
2023-07-14 11:03:14.834 [JavaFX Application Thread] INFO  presentation.model.TourItemModel - Item is added to the ListView of Tour
2023-07-14 11:03:14.843 [JavaFX Application Thread] INFO  presentation.model.TourItemModel - Item is added to the ListView of Tour
2023-07-14 11:03:28.948 [JavaFX Application Thread] INFO  presentation.model.TourItemModel - Item is added to the ListView of Tour
2023-07-14 11:03:29.135 [JavaFX Application Thread] INFO  presentation.model.TourLogItemModel - Item is added to the ListView of Tour
2023-07-14 11:03:29.167 [JavaFX Application Thread] INFO  presentation.model.TourLogItemModel - Item is added to the ListView of Tour
2023-07-14 11:03:29.192 [JavaFX Application Thread] INFO  presentation.model.TourLogItemModel - Item is added to the ListView of Tour
2023-07-14 11:03:29.214 [JavaFX Application Thread] INFO  presentation.model.TourLogItemModel - Item is added to the ListView of Tour
2023-07-14 11:16:09.969 [JavaFX Application Thread] INFO  presentation.model.TourItemModel - Item is added to the ListView of Tour
2023-07-14 11:16:10.016 [JavaFX Application Thread] INFO  presentation.model.TourItemModel - Item is added to the ListView of Tour
2023-07-14 11:16:10.134 [JavaFX Application Thread] INFO  presentation.model.TourItemModel - Item is added to the ListView of Tour
2023-07-14 11:16:10.139 [JavaFX Application Thread] INFO  presentation.model.TourItemModel - Item is added to the ListView of Tour
2023-07-14 11:16:10.144 [JavaFX Application Thread] INFO  presentation.model.TourItemModel - Item is added to the ListView of Tour
2023-07-14 11:16:10.150 [JavaFX Application Thread] INFO  presentation.model.TourItemModel - Item is added to the ListView of Tour
2023-07-14 11:16:10.157 [JavaFX Application Thread] INFO  presentation.model.TourItemModel - Item is added to the ListView of Tour
2023-07-14 11:16:10.163 [JavaFX Application Thread] INFO  presentation.model.TourItemModel - Item is added to the ListView of Tour
2023-07-14 11:16:11.923 [JavaFX Application Thread] INFO  presentation.model.TourItemModel - Item is added to the ListView of Tour
2023-07-14 11:16:12.119 [JavaFX Application Thread] INFO  presentation.model.TourLogItemModel - Item is added to the ListView of Tour
2023-07-14 11:16:12.143 [JavaFX Application Thread] INFO  presentation.model.TourLogItemModel - Item is added to the ListView of Tour
2023-07-14 11:16:12.165 [JavaFX Application Thread] INFO  presentation.model.TourLogItemModel - Item is added to the ListView of Tour
2023-07-14 11:16:12.183 [JavaFX Application Thread] INFO  presentation.model.TourLogItemModel - Item is added to the ListView of Tour
2023-07-14 11:27:23.818 [JavaFX Application Thread] INFO  presentation.model.TourItemModel - Item is added to the ListView of Tour
2023-07-14 11:27:23.877 [JavaFX Application Thread] INFO  presentation.model.TourItemModel - Item is added to the ListView of Tour
2023-07-14 11:27:24.025 [JavaFX Application Thread] INFO  presentation.model.TourItemModel - Item is added to the ListView of Tour
2023-07-14 11:27:24.031 [JavaFX Application Thread] INFO  presentation.model.TourItemModel - Item is added to the ListView of Tour
2023-07-14 11:27:24.036 [JavaFX Application Thread] INFO  presentation.model.TourItemModel - Item is added to the ListView of Tour
2023-07-14 11:27:24.042 [JavaFX Application Thread] INFO  presentation.model.TourItemModel - Item is added to the ListView of Tour
2023-07-14 11:27:24.048 [JavaFX Application Thread] INFO  presentation.model.TourItemModel - Item is added to the ListView of Tour
2023-07-14 11:27:24.054 [JavaFX Application Thread] INFO  presentation.model.TourItemModel - Item is added to the ListView of Tour
2023-07-14 11:27:24.059 [JavaFX Application Thread] INFO  presentation.model.TourItemModel - Item is added to the ListView of Tour
2023-07-14 11:27:24.064 [JavaFX Application Thread] INFO  presentation.model.TourItemModel - Item is added to the ListView of Tour
2023-07-14 11:27:24.069 [JavaFX Application Thread] INFO  presentation.model.TourItemModel - Item is added to the ListView of Tour
2023-07-14 11:27:25.608 [JavaFX Application Thread] INFO  presentation.model.TourItemModel - Item is added to the ListView of Tour
2023-07-14 11:27:25.788 [JavaFX Application Thread] INFO  presentation.model.TourLogItemModel - Item is added to the ListView of Tour
2023-07-14 11:27:25.808 [JavaFX Application Thread] INFO  presentation.model.TourLogItemModel - Item is added to the ListView of Tour
2023-07-14 11:27:25.828 [JavaFX Application Thread] INFO  presentation.model.TourLogItemModel - Item is added to the ListView of Tour
2023-07-14 11:27:25.849 [JavaFX Application Thread] INFO  presentation.model.TourLogItemModel - Item is added to the ListView of Tour
2023-07-14 11:28:05.075 [JavaFX Application Thread] INFO  presentation.model.TourItemModel - Item is added to the ListView of Tour
2023-07-14 11:28:05.131 [JavaFX Application Thread] INFO  presentation.model.TourItemModel - Item is added to the ListView of Tour
2023-07-14 11:28:05.309 [JavaFX Application Thread] INFO  presentation.model.TourItemModel - Item is added to the ListView of Tour
2023-07-14 11:28:05.317 [JavaFX Application Thread] INFO  presentation.model.TourItemModel - Item is added to the ListView of Tour
2023-07-14 11:28:05.325 [JavaFX Application Thread] INFO  presentation.model.TourItemModel - Item is added to the ListView of Tour
2023-07-14 11:28:05.334 [JavaFX Application Thread] INFO  presentation.model.TourItemModel - Item is added to the ListView of Tour
2023-07-14 11:28:05.343 [JavaFX Application Thread] INFO  presentation.model.TourItemModel - Item is added to the ListView of Tour
2023-07-14 11:28:05.351 [JavaFX Application Thread] INFO  presentation.model.TourItemModel - Item is added to the ListView of Tour
2023-07-14 11:28:05.359 [JavaFX Application Thread] INFO  presentation.model.TourItemModel - Item is added to the ListView of Tour
2023-07-14 11:28:05.367 [JavaFX Application Thread] INFO  presentation.model.TourItemModel - Item is added to the ListView of Tour
2023-07-14 11:28:05.374 [JavaFX Application Thread] INFO  presentation.model.TourItemModel - Item is added to the ListView of Tour
2023-07-14 11:28:09.090 [JavaFX Application Thread] INFO  presentation.model.TourItemModel - Item is added to the ListView of Tour
2023-07-14 11:28:09.272 [JavaFX Application Thread] INFO  presentation.model.TourLogItemModel - Item is added to the ListView of Tour
2023-07-14 11:28:09.303 [JavaFX Application Thread] INFO  presentation.model.TourLogItemModel - Item is added to the ListView of Tour
2023-07-14 11:28:09.335 [JavaFX Application Thread] INFO  presentation.model.TourLogItemModel - Item is added to the ListView of Tour
2023-07-14 11:28:09.362 [JavaFX Application Thread] INFO  presentation.model.TourLogItemModel - Item is added to the ListView of Tour
2023-07-14 11:29:30.603 [JavaFX Application Thread] INFO  presentation.model.TourItemModel - Item is added to the ListView of Tour
2023-07-14 11:29:30.662 [JavaFX Application Thread] INFO  presentation.model.TourItemModel - Item is added to the ListView of Tour
2023-07-14 11:29:30.812 [JavaFX Application Thread] INFO  presentation.model.TourItemModel - Item is added to the ListView of Tour
2023-07-14 11:29:30.818 [JavaFX Application Thread] INFO  presentation.model.TourItemModel - Item is added to the ListView of Tour
2023-07-14 11:29:30.824 [JavaFX Application Thread] INFO  presentation.model.TourItemModel - Item is added to the ListView of Tour
2023-07-14 11:29:30.833 [JavaFX Application Thread] INFO  presentation.model.TourItemModel - Item is added to the ListView of Tour
2023-07-14 11:29:30.840 [JavaFX Application Thread] INFO  presentation.model.TourItemModel - Item is added to the ListView of Tour
2023-07-14 11:29:30.848 [JavaFX Application Thread] INFO  presentation.model.TourItemModel - Item is added to the ListView of Tour
2023-07-14 11:29:30.853 [JavaFX Application Thread] INFO  presentation.model.TourItemModel - Item is added to the ListView of Tour
2023-07-14 11:29:30.859 [JavaFX Application Thread] INFO  presentation.model.TourItemModel - Item is added to the ListView of Tour
2023-07-14 11:29:30.865 [JavaFX Application Thread] INFO  presentation.model.TourItemModel - Item is added to the ListView of Tour
2023-07-14 11:29:34.838 [JavaFX Application Thread] INFO  presentation.model.TourItemModel - Item is added to the ListView of Tour
2023-07-14 11:29:35.012 [JavaFX Application Thread] INFO  presentation.model.TourLogItemModel - Item is added to the ListView of Tour
2023-07-14 11:29:35.032 [JavaFX Application Thread] INFO  presentation.model.TourLogItemModel - Item is added to the ListView of Tour
2023-07-14 11:29:35.053 [JavaFX Application Thread] INFO  presentation.model.TourLogItemModel - Item is added to the ListView of Tour
2023-07-14 11:29:35.070 [JavaFX Application Thread] INFO  presentation.model.TourLogItemModel - Item is added to the ListView of Tour
2023-07-14 11:31:22.107 [JavaFX Application Thread] INFO  presentation.model.TourItemModel - Item is added to the ListView of Tour
2023-07-14 11:31:22.143 [JavaFX Application Thread] INFO  presentation.model.TourItemModel - Item is added to the ListView of Tour
2023-07-14 11:31:22.274 [JavaFX Application Thread] INFO  presentation.model.TourItemModel - Item is added to the ListView of Tour
2023-07-14 11:31:22.278 [JavaFX Application Thread] INFO  presentation.model.TourItemModel - Item is added to the ListView of Tour
2023-07-14 11:31:22.283 [JavaFX Application Thread] INFO  presentation.model.TourItemModel - Item is added to the ListView of Tour
2023-07-14 11:31:22.288 [JavaFX Application Thread] INFO  presentation.model.TourItemModel - Item is added to the ListView of Tour
2023-07-14 11:31:22.294 [JavaFX Application Thread] INFO  presentation.model.TourItemModel - Item is added to the ListView of Tour
2023-07-14 11:31:22.298 [JavaFX Application Thread] INFO  presentation.model.TourItemModel - Item is added to the ListView of Tour
2023-07-14 11:31:22.303 [JavaFX Application Thread] INFO  presentation.model.TourItemModel - Item is added to the ListView of Tour
2023-07-14 11:31:22.311 [JavaFX Application Thread] INFO  presentation.model.TourItemModel - Item is added to the ListView of Tour
2023-07-14 11:31:22.316 [JavaFX Application Thread] INFO  presentation.model.TourItemModel - Item is added to the ListView of Tour
2023-07-14 11:31:23.654 [JavaFX Application Thread] INFO  presentation.model.TourItemModel - Item is added to the ListView of Tour
2023-07-14 11:31:23.833 [JavaFX Application Thread] INFO  presentation.model.TourLogItemModel - Item is added to the ListView of Tour
2023-07-14 11:31:23.855 [JavaFX Application Thread] INFO  presentation.model.TourLogItemModel - Item is added to the ListView of Tour
2023-07-14 11:31:23.874 [JavaFX Application Thread] INFO  presentation.model.TourLogItemModel - Item is added to the ListView of Tour
2023-07-14 11:31:23.892 [JavaFX Application Thread] INFO  presentation.model.TourLogItemModel - Item is added to the ListView of Tour
2023-07-14 11:35:18.428 [JavaFX Application Thread] INFO  presentation.model.TourItemModel - Item is added to the ListView of Tour
2023-07-14 11:35:18.464 [JavaFX Application Thread] INFO  presentation.model.TourItemModel - Item is added to the ListView of Tour
2023-07-14 11:35:18.587 [JavaFX Application Thread] INFO  presentation.model.TourItemModel - Item is added to the ListView of Tour
2023-07-14 11:35:18.593 [JavaFX Application Thread] INFO  presentation.model.TourItemModel - Item is added to the ListView of Tour
2023-07-14 11:35:18.599 [JavaFX Application Thread] INFO  presentation.model.TourItemModel - Item is added to the ListView of Tour
2023-07-14 11:35:18.606 [JavaFX Application Thread] INFO  presentation.model.TourItemModel - Item is added to the ListView of Tour
2023-07-14 11:35:18.613 [JavaFX Application Thread] INFO  presentation.model.TourItemModel - Item is added to the ListView of Tour
2023-07-14 11:35:18.619 [JavaFX Application Thread] INFO  presentation.model.TourItemModel - Item is added to the ListView of Tour
2023-07-14 11:35:18.624 [JavaFX Application Thread] INFO  presentation.model.TourItemModel - Item is added to the ListView of Tour
2023-07-14 11:35:18.629 [JavaFX Application Thread] INFO  presentation.model.TourItemModel - Item is added to the ListView of Tour
2023-07-14 11:35:18.638 [JavaFX Application Thread] INFO  presentation.model.TourItemModel - Item is added to the ListView of Tour
2023-07-14 11:35:18.644 [JavaFX Application Thread] INFO  presentation.model.TourItemModel - Item is added to the ListView of Tour
2023-07-14 11:35:20.212 [JavaFX Application Thread] INFO  presentation.model.TourItemModel - Item is added to the ListView of Tour
2023-07-14 11:35:20.408 [JavaFX Application Thread] INFO  presentation.model.TourLogItemModel - Item is added to the ListView of Tour
2023-07-14 11:35:20.426 [JavaFX Application Thread] INFO  presentation.model.TourLogItemModel - Item is added to the ListView of Tour
2023-07-14 11:35:20.443 [JavaFX Application Thread] INFO  presentation.model.TourLogItemModel - Item is added to the ListView of Tour
2023-07-14 11:35:20.457 [JavaFX Application Thread] INFO  presentation.model.TourLogItemModel - Item is added to the ListView of Tour
2023-07-14 11:36:04.911 [JavaFX Application Thread] INFO  presentation.model.TourItemModel - Item is added to the ListView of Tour
2023-07-14 11:36:04.945 [JavaFX Application Thread] INFO  presentation.model.TourItemModel - Item is added to the ListView of Tour
2023-07-14 11:36:05.062 [JavaFX Application Thread] INFO  presentation.model.TourItemModel - Item is added to the ListView of Tour
2023-07-14 11:36:05.067 [JavaFX Application Thread] INFO  presentation.model.TourItemModel - Item is added to the ListView of Tour
2023-07-14 11:36:05.073 [JavaFX Application Thread] INFO  presentation.model.TourItemModel - Item is added to the ListView of Tour
2023-07-14 11:36:05.079 [JavaFX Application Thread] INFO  presentation.model.TourItemModel - Item is added to the ListView of Tour
2023-07-14 11:36:05.085 [JavaFX Application Thread] INFO  presentation.model.TourItemModel - Item is added to the ListView of Tour
2023-07-14 11:36:05.091 [JavaFX Application Thread] INFO  presentation.model.TourItemModel - Item is added to the ListView of Tour
2023-07-14 11:36:05.097 [JavaFX Application Thread] INFO  presentation.model.TourItemModel - Item is added to the ListView of Tour
2023-07-14 11:36:05.102 [JavaFX Application Thread] INFO  presentation.model.TourItemModel - Item is added to the ListView of Tour
2023-07-14 11:36:05.106 [JavaFX Application Thread] INFO  presentation.model.TourItemModel - Item is added to the ListView of Tour
2023-07-14 11:36:05.111 [JavaFX Application Thread] INFO  presentation.model.TourItemModel - Item is added to the ListView of Tour
2023-07-14 11:36:06.444 [JavaFX Application Thread] INFO  presentation.model.TourItemModel - Item is added to the ListView of Tour
2023-07-14 11:36:06.619 [JavaFX Application Thread] INFO  presentation.model.TourLogItemModel - Item is added to the ListView of Tour
2023-07-14 11:36:06.638 [JavaFX Application Thread] INFO  presentation.model.TourLogItemModel - Item is added to the ListView of Tour
2023-07-14 11:36:06.655 [JavaFX Application Thread] INFO  presentation.model.TourLogItemModel - Item is added to the ListView of Tour
2023-07-14 11:36:06.676 [JavaFX Application Thread] INFO  presentation.model.TourLogItemModel - Item is added to the ListView of Tour
2023-07-14 11:37:16.427 [JavaFX Application Thread] INFO  presentation.model.TourItemModel - Item is added to the ListView of Tour
2023-07-14 11:37:16.467 [JavaFX Application Thread] INFO  presentation.model.TourItemModel - Item is added to the ListView of Tour
2023-07-14 11:37:16.578 [JavaFX Application Thread] INFO  presentation.model.TourItemModel - Item is added to the ListView of Tour
2023-07-14 11:37:16.583 [JavaFX Application Thread] INFO  presentation.model.TourItemModel - Item is added to the ListView of Tour
2023-07-14 11:37:16.588 [JavaFX Application Thread] INFO  presentation.model.TourItemModel - Item is added to the ListView of Tour
2023-07-14 11:37:16.594 [JavaFX Application Thread] INFO  presentation.model.TourItemModel - Item is added to the ListView of Tour
2023-07-14 11:37:16.600 [JavaFX Application Thread] INFO  presentation.model.TourItemModel - Item is added to the ListView of Tour
2023-07-14 11:37:16.606 [JavaFX Application Thread] INFO  presentation.model.TourItemModel - Item is added to the ListView of Tour
2023-07-14 11:37:16.611 [JavaFX Application Thread] INFO  presentation.model.TourItemModel - Item is added to the ListView of Tour
2023-07-14 11:37:16.618 [JavaFX Application Thread] INFO  presentation.model.TourItemModel - Item is added to the ListView of Tour
2023-07-14 11:37:16.625 [JavaFX Application Thread] INFO  presentation.model.TourItemModel - Item is added to the ListView of Tour
2023-07-14 11:37:16.631 [JavaFX Application Thread] INFO  presentation.model.TourItemModel - Item is added to the ListView of Tour
2023-07-14 11:37:17.961 [JavaFX Application Thread] INFO  presentation.model.TourItemModel - Item is added to the ListView of Tour
2023-07-14 11:37:18.137 [JavaFX Application Thread] INFO  presentation.model.TourLogItemModel - Item is added to the ListView of Tour
2023-07-14 11:37:18.161 [JavaFX Application Thread] INFO  presentation.model.TourLogItemModel - Item is added to the ListView of Tour
2023-07-14 11:37:18.181 [JavaFX Application Thread] INFO  presentation.model.TourLogItemModel - Item is added to the ListView of Tour
2023-07-14 11:37:18.197 [JavaFX Application Thread] INFO  presentation.model.TourLogItemModel - Item is added to the ListView of Tour
2023-07-14 11:38:12.048 [JavaFX Application Thread] INFO  presentation.model.TourItemModel - Item is added to the ListView of Tour
2023-07-14 11:38:12.102 [JavaFX Application Thread] INFO  presentation.model.TourItemModel - Item is added to the ListView of Tour
2023-07-14 11:38:12.277 [JavaFX Application Thread] INFO  presentation.model.TourItemModel - Item is added to the ListView of Tour
2023-07-14 11:38:12.285 [JavaFX Application Thread] INFO  presentation.model.TourItemModel - Item is added to the ListView of Tour
2023-07-14 11:38:12.292 [JavaFX Application Thread] INFO  presentation.model.TourItemModel - Item is added to the ListView of Tour
2023-07-14 11:38:12.305 [JavaFX Application Thread] INFO  presentation.model.TourItemModel - Item is added to the ListView of Tour
2023-07-14 11:38:12.316 [JavaFX Application Thread] INFO  presentation.model.TourItemModel - Item is added to the ListView of Tour
2023-07-14 11:38:12.325 [JavaFX Application Thread] INFO  presentation.model.TourItemModel - Item is added to the ListView of Tour
2023-07-14 11:38:12.334 [JavaFX Application Thread] INFO  presentation.model.TourItemModel - Item is added to the ListView of Tour
2023-07-14 11:38:12.342 [JavaFX Application Thread] INFO  presentation.model.TourItemModel - Item is added to the ListView of Tour
2023-07-14 11:38:12.349 [JavaFX Application Thread] INFO  presentation.model.TourItemModel - Item is added to the ListView of Tour
2023-07-14 11:38:12.357 [JavaFX Application Thread] INFO  presentation.model.TourItemModel - Item is added to the ListView of Tour
2023-07-14 11:38:14.026 [JavaFX Application Thread] INFO  presentation.model.TourItemModel - Item is added to the ListView of Tour
2023-07-14 11:38:16.076 [JavaFX Application Thread] INFO  presentation.model.TourItemModel - Item is added to the ListView of Tour
2023-07-14 11:38:16.079 [JavaFX Application Thread] INFO  presentation.model.TourItemModel - Item is added to the ListView of Tour
2023-07-14 11:38:34.974 [JavaFX Application Thread] INFO  presentation.model.TourItemModel - Item is added to the ListView of Tour
2023-07-14 11:38:34.979 [JavaFX Application Thread] INFO  presentation.model.TourItemModel - Item is added to the ListView of Tour
2023-07-14 11:38:35.169 [JavaFX Application Thread] INFO  presentation.model.TourLogItemModel - Item is added to the ListView of Tour
2023-07-14 11:38:35.206 [JavaFX Application Thread] INFO  presentation.model.TourLogItemModel - Item is added to the ListView of Tour
2023-07-14 11:38:35.231 [JavaFX Application Thread] INFO  presentation.model.TourLogItemModel - Item is added to the ListView of Tour
2023-07-14 11:38:35.254 [JavaFX Application Thread] INFO  presentation.model.TourLogItemModel - Item is added to the ListView of Tour
2023-07-14 11:39:15.605 [main] INFO  persistence.PersistencePostGres - Tour thisTourDoesNotExist is inserted in the DB
2023-07-14 11:39:15.658 [main] INFO  persistence.PersistencePostGres - Tour thisTourDoesNotExist is updated!
2023-07-14 11:39:16.368 [main] INFO  persistence.PersistencePostGres - Tour thisTourDoesNotExist is inserted in the DB
2023-07-14 11:39:16.564 [main] INFO  persistence.PersistencePostGres - Tour Log inserted in DB
2023-07-14 11:39:16.760 [main] INFO  persistence.PersistencePostGres - Tour thisTourDoesNotExist deleted!
2023-07-14 11:39:16.809 [main] INFO  persistence.PersistencePostGres - Logs from Tour are deleted!
2023-07-14 11:39:16.810 [main] INFO  persistence.PersistencePostGres - Logs of thisTourDoesNotExist are deleted!
2023-07-14 11:39:17.358 [main] INFO  persistence.PersistencePostGres - Tour thisTourDoesNotExist is inserted in the DB
2023-07-14 11:39:17.551 [main] INFO  persistence.PersistencePostGres - Tour Log inserted in DB
2023-07-14 11:39:17.745 [main] INFO  persistence.PersistencePostGres - Tour thisTourDoesNotExist deleted!
2023-07-14 11:39:17.793 [main] INFO  persistence.PersistencePostGres - Logs from Tour are deleted!
2023-07-14 11:39:17.794 [main] INFO  persistence.PersistencePostGres - Logs of thisTourDoesNotExist are deleted!
2023-07-14 11:39:18.345 [main] INFO  persistence.PersistencePostGres - Tour thisTourDoesNotExist is inserted in the DB
2023-07-14 11:39:18.566 [main] INFO  persistence.PersistencePostGres - Tour thisTourDoesNotExist deleted!
2023-07-14 11:39:18.615 [main] INFO  persistence.PersistencePostGres - Logs from Tour are deleted!
2023-07-14 11:39:18.616 [main] INFO  persistence.PersistencePostGres - Logs of thisTourDoesNotExist are deleted!
2023-07-14 11:39:19.624 [main] INFO  persistence.PersistencePostGres - Tour thisTourDoesNotExist is inserted in the DB
2023-07-14 11:39:19.728 [main] INFO  persistence.PersistencePostGres - Tour thisTourDoesNotExist is updated!
2023-07-14 11:39:21.407 [main] INFO  persistence.PersistencePostGres - Tour thisTourDoesNotExist is inserted in the DB
2023-07-14 11:39:21.607 [main] INFO  persistence.PersistencePostGres - Tour Log inserted in DB
2023-07-14 11:39:21.800 [main] INFO  persistence.PersistencePostGres - Tour thisTourDoesNotExist deleted!
2023-07-14 11:39:21.849 [main] INFO  persistence.PersistencePostGres - Logs from Tour are deleted!
2023-07-14 11:39:21.849 [main] INFO  persistence.PersistencePostGres - Logs of thisTourDoesNotExist are deleted!
2023-07-14 11:39:22.390 [main] INFO  persistence.PersistencePostGres - Tour thisTourDoesNotExist is inserted in the DB
2023-07-14 11:39:22.443 [main] INFO  persistence.PersistencePostGres - Tour thisTourDoesNotExist is updated!
2023-07-14 11:39:23.098 [main] INFO  persistence.PersistencePostGres - Tour thisTourDoesNotExist is inserted in the DB
2023-07-14 11:39:23.293 [main] INFO  persistence.PersistencePostGres - Tour thisTourDoesNotExist deleted!
2023-07-14 11:39:23.342 [main] INFO  persistence.PersistencePostGres - Logs from Tour are deleted!
2023-07-14 11:39:23.342 [main] INFO  persistence.PersistencePostGres - Logs of thisTourDoesNotExist are deleted!
2023-07-14 11:39:23.938 [main] INFO  persistence.PersistencePostGres - Tour thisTourDoesNotExist is inserted in the DB
2023-07-14 11:39:24.134 [main] INFO  persistence.PersistencePostGres - Tour Log inserted in DB
2023-07-14 11:39:24.282 [main] INFO  persistence.PersistencePostGres - Tour thisTourDoesNotExist deleted!
2023-07-14 11:39:24.334 [main] INFO  persistence.PersistencePostGres - Logs from Tour are deleted!
2023-07-14 11:39:24.335 [main] INFO  persistence.PersistencePostGres - Logs of thisTourDoesNotExist are deleted!
2023-07-14 11:39:25.010 [main] INFO  persistence.PersistencePostGres - Tour thisTourDoesNotExist is inserted in the DB
2023-07-14 11:39:25.154 [main] INFO  persistence.PersistencePostGres - Tour thisTourDoesNotExist is updated!
2023-07-14 11:39:26.591 [main] INFO  persistence.PersistencePostGres - Tour thisTourDoesNotExist is inserted in the DB
2023-07-14 11:39:26.851 [main] INFO  persistence.PersistencePostGres - Tour Log inserted in DB
2023-07-14 11:39:27.049 [main] INFO  persistence.PersistencePostGres - Tour thisTourDoesNotExist deleted!
2023-07-14 11:39:27.099 [main] INFO  persistence.PersistencePostGres - Logs from Tour are deleted!
2023-07-14 11:39:27.100 [main] INFO  persistence.PersistencePostGres - Logs of thisTourDoesNotExist are deleted!
2023-07-14 11:39:27.672 [main] INFO  persistence.PersistencePostGres - Tour thisTourDoesNotExist is inserted in the DB
2023-07-14 11:39:27.721 [main] INFO  persistence.PersistencePostGres - Tour thisTourDoesNotExist is updated!
2023-07-14 11:39:28.380 [main] INFO  persistence.PersistencePostGres - Tour thisTourDoesNotExist is inserted in the DB
2023-07-14 11:39:28.431 [main] INFO  persistence.PersistencePostGres - Tour thisTourDoesNotExist is updated!
2023-07-14 11:39:29.091 [main] INFO  persistence.PersistencePostGres - Tour thisTourDoesNotExist is inserted in the DB
2023-07-14 11:39:29.139 [main] INFO  persistence.PersistencePostGres - Tour thisTourDoesNotExist is updated!
2023-07-14 11:39:29.864 [main] INFO  persistence.PersistencePostGres - Tour thisTourDoesNotExist is inserted in the DB
2023-07-14 11:39:29.910 [main] INFO  persistence.PersistencePostGres - Tour thisTourDoesNotExist is updated!
2023-07-14 11:39:30.619 [main] INFO  persistence.PersistencePostGres - Tour thisTourDoesNotExist is inserted in the DB
2023-07-14 11:39:30.898 [main] INFO  persistence.PersistencePostGres - Tour Log inserted in DB
2023-07-14 11:39:31.297 [main] INFO  persistence.PersistencePostGres - Tour Log inserted in DB
2023-07-14 11:39:31.707 [main] INFO  persistence.PersistencePostGres - Logs from Tour are deleted!
2023-07-14 11:39:32.118 [main] INFO  persistence.PersistencePostGres - Tour thisTourDoesNotExist deleted!
2023-07-14 11:39:32.219 [main] INFO  persistence.PersistencePostGres - Logs from Tour are deleted!
2023-07-14 11:39:32.220 [main] INFO  persistence.PersistencePostGres - Logs of thisTourDoesNotExist are deleted!
2023-07-14 14:24:38.764 [main] INFO  persistence.PersistencePostGres - Tour thisTourDoesNotExist is inserted in the DB
2023-07-14 14:24:38.819 [main] INFO  persistence.PersistencePostGres - Tour thisTourDoesNotExist is updated!
2023-07-14 14:24:39.567 [main] INFO  persistence.PersistencePostGres - Tour thisTourDoesNotExist is inserted in the DB
2023-07-14 14:24:39.831 [main] INFO  persistence.PersistencePostGres - Tour Log inserted in DB
2023-07-14 14:24:40.029 [main] INFO  persistence.PersistencePostGres - Tour thisTourDoesNotExist deleted!
2023-07-14 14:24:40.078 [main] INFO  persistence.PersistencePostGres - Logs from Tour are deleted!
2023-07-14 14:24:40.078 [main] INFO  persistence.PersistencePostGres - Logs of thisTourDoesNotExist are deleted!
2023-07-14 14:24:40.685 [main] INFO  persistence.PersistencePostGres - Tour thisTourDoesNotExist is inserted in the DB
2023-07-14 14:24:40.868 [main] INFO  persistence.PersistencePostGres - Tour Log inserted in DB
2023-07-14 14:24:41.053 [main] INFO  persistence.PersistencePostGres - Tour thisTourDoesNotExist deleted!
2023-07-14 14:24:41.102 [main] INFO  persistence.PersistencePostGres - Logs from Tour are deleted!
2023-07-14 14:24:41.102 [main] INFO  persistence.PersistencePostGres - Logs of thisTourDoesNotExist are deleted!
2023-07-14 14:24:41.672 [main] INFO  persistence.PersistencePostGres - Tour thisTourDoesNotExist is inserted in the DB
2023-07-14 14:24:41.869 [main] INFO  persistence.PersistencePostGres - Tour thisTourDoesNotExist deleted!
2023-07-14 14:24:41.917 [main] INFO  persistence.PersistencePostGres - Logs from Tour are deleted!
2023-07-14 14:24:41.918 [main] INFO  persistence.PersistencePostGres - Logs of thisTourDoesNotExist are deleted!
2023-07-14 14:24:42.490 [main] INFO  persistence.PersistencePostGres - Tour thisTourDoesNotExist is inserted in the DB
2023-07-14 14:24:42.540 [main] INFO  persistence.PersistencePostGres - Tour thisTourDoesNotExist is updated!
2023-07-14 14:24:44.622 [main] INFO  persistence.PersistencePostGres - Tour thisTourDoesNotExist is inserted in the DB
2023-07-14 14:24:44.865 [main] INFO  persistence.PersistencePostGres - Tour Log inserted in DB
2023-07-14 14:24:45.062 [main] INFO  persistence.PersistencePostGres - Tour thisTourDoesNotExist deleted!
2023-07-14 14:24:45.109 [main] INFO  persistence.PersistencePostGres - Logs from Tour are deleted!
2023-07-14 14:24:45.110 [main] INFO  persistence.PersistencePostGres - Logs of thisTourDoesNotExist are deleted!
2023-07-14 14:24:45.689 [main] INFO  persistence.PersistencePostGres - Tour thisTourDoesNotExist is inserted in the DB
2023-07-14 14:24:45.740 [main] INFO  persistence.PersistencePostGres - Tour thisTourDoesNotExist is updated!
2023-07-14 14:24:46.449 [main] INFO  persistence.PersistencePostGres - Tour thisTourDoesNotExist is inserted in the DB
2023-07-14 14:24:46.695 [main] INFO  persistence.PersistencePostGres - Tour thisTourDoesNotExist deleted!
2023-07-14 14:24:46.781 [main] INFO  persistence.PersistencePostGres - Logs from Tour are deleted!
2023-07-14 14:24:46.782 [main] INFO  persistence.PersistencePostGres - Logs of thisTourDoesNotExist are deleted!
2023-07-14 14:24:47.420 [main] INFO  persistence.PersistencePostGres - Tour thisTourDoesNotExist is inserted in the DB
2023-07-14 14:24:47.619 [main] INFO  persistence.PersistencePostGres - Tour Log inserted in DB
2023-07-14 14:24:47.767 [main] INFO  persistence.PersistencePostGres - Tour thisTourDoesNotExist deleted!
2023-07-14 14:24:47.816 [main] INFO  persistence.PersistencePostGres - Logs from Tour are deleted!
2023-07-14 14:24:47.817 [main] INFO  persistence.PersistencePostGres - Logs of thisTourDoesNotExist are deleted!
2023-07-14 14:24:48.380 [main] INFO  persistence.PersistencePostGres - Tour thisTourDoesNotExist is inserted in the DB
2023-07-14 14:24:48.430 [main] INFO  persistence.PersistencePostGres - Tour thisTourDoesNotExist is updated!
2023-07-14 14:24:49.531 [main] INFO  persistence.PersistencePostGres - Tour thisTourDoesNotExist is inserted in the DB
2023-07-14 14:24:49.946 [main] INFO  persistence.PersistencePostGres - Tour Log inserted in DB
2023-07-14 14:24:50.356 [main] INFO  persistence.PersistencePostGres - Tour thisTourDoesNotExist deleted!
2023-07-14 14:24:50.458 [main] INFO  persistence.PersistencePostGres - Logs from Tour are deleted!
2023-07-14 14:24:50.459 [main] INFO  persistence.PersistencePostGres - Logs of thisTourDoesNotExist are deleted!
2023-07-14 14:24:51.178 [main] INFO  persistence.PersistencePostGres - Tour thisTourDoesNotExist is inserted in the DB
2023-07-14 14:24:51.228 [main] INFO  persistence.PersistencePostGres - Tour thisTourDoesNotExist is updated!
2023-07-14 14:24:51.886 [main] INFO  persistence.PersistencePostGres - Tour thisTourDoesNotExist is inserted in the DB
2023-07-14 14:24:51.935 [main] INFO  persistence.PersistencePostGres - Tour thisTourDoesNotExist is updated!
2023-07-14 14:24:52.597 [main] INFO  persistence.PersistencePostGres - Tour thisTourDoesNotExist is inserted in the DB
2023-07-14 14:24:52.650 [main] INFO  persistence.PersistencePostGres - Tour thisTourDoesNotExist is updated!
2023-07-14 14:24:53.298 [main] INFO  persistence.PersistencePostGres - Tour thisTourDoesNotExist is inserted in the DB
2023-07-14 14:24:53.348 [main] INFO  persistence.PersistencePostGres - Tour thisTourDoesNotExist is updated!
2023-07-14 14:24:54.009 [main] INFO  persistence.PersistencePostGres - Tour thisTourDoesNotExist is inserted in the DB
2023-07-14 14:24:54.200 [main] INFO  persistence.PersistencePostGres - Tour Log inserted in DB
2023-07-14 14:24:54.393 [main] INFO  persistence.PersistencePostGres - Tour Log inserted in DB
2023-07-14 14:24:54.588 [main] INFO  persistence.PersistencePostGres - Logs from Tour are deleted!
2023-07-14 14:24:54.861 [main] INFO  persistence.PersistencePostGres - Tour thisTourDoesNotExist deleted!
2023-07-14 14:24:54.964 [main] INFO  persistence.PersistencePostGres - Logs from Tour are deleted!
2023-07-14 14:24:54.964 [main] INFO  persistence.PersistencePostGres - Logs of thisTourDoesNotExist are deleted!
2023-07-14 14:25:17.843 [JavaFX Application Thread] INFO  presentation.model.TourItemModel - Item is added to the ListView of Tour
2023-07-14 14:25:17.925 [JavaFX Application Thread] INFO  presentation.model.TourItemModel - Item is added to the ListView of Tour
2023-07-14 14:25:18.205 [JavaFX Application Thread] INFO  presentation.model.TourItemModel - Item is added to the ListView of Tour
2023-07-14 14:25:18.218 [JavaFX Application Thread] INFO  presentation.model.TourItemModel - Item is added to the ListView of Tour
2023-07-14 14:25:18.230 [JavaFX Application Thread] INFO  presentation.model.TourItemModel - Item is added to the ListView of Tour
2023-07-14 14:25:18.245 [JavaFX Application Thread] INFO  presentation.model.TourItemModel - Item is added to the ListView of Tour
2023-07-14 14:25:18.259 [JavaFX Application Thread] INFO  presentation.model.TourItemModel - Item is added to the ListView of Tour
2023-07-14 14:25:18.272 [JavaFX Application Thread] INFO  presentation.model.TourItemModel - Item is added to the ListView of Tour
2023-07-14 14:25:18.286 [JavaFX Application Thread] INFO  presentation.model.TourItemModel - Item is added to the ListView of Tour
2023-07-14 14:25:18.300 [JavaFX Application Thread] INFO  presentation.model.TourItemModel - Item is added to the ListView of Tour
2023-07-14 14:25:18.312 [JavaFX Application Thread] INFO  presentation.model.TourItemModel - Item is added to the ListView of Tour
